[0213/094940:ERROR:renderer_main.cc(203)] Running without renderer sandbox
[0213/094953:ERROR:child_discardable_shared_memory_manager.cc(266)] size: 4194304
[0213/094953:INFO:CONSOLE(206)] "Uncaught TypeError: Cannot read property 'permission' of undefined", source: http://mat1.gtimg.com/www/chrometips/notification2017_v0118.js (206)
[0213/094956:INFO:CONSOLE(112)] "Uncaught RangeError: Maximum call stack size exceeded", source:  (112)
[0213/094959:ERROR:child_discardable_shared_memory_manager.cc(266)] size: 4194304
[0213/094959:ERROR:child_discardable_shared_memory_manager.cc(266)] size: 4194304
[0213/094959:ERROR:child_discardable_shared_memory_manager.cc(266)] size: 4194304
[0213/094959:ERROR:child_discardable_shared_memory_manager.cc(266)] size: 4194304
[0213/094959:ERROR:child_discardable_shared_memory_manager.cc(266)] size: 4194304
[0213/094959:ERROR:child_discardable_shared_memory_manager.cc(266)] size: 5681152
[0213/094959:ERROR:child_discardable_shared_memory_manager.cc(266)] size: 4194304
[0213/095000:ERROR:child_discardable_shared_memory_manager.cc(266)] size: 4370432
[0213/095002:ERROR:child_discardable_shared_memory_manager.cc(266)] size: 4194304
[0213/095003:ERROR:child_discardable_shared_memory_manager.cc(266)] size: 4194304
[0213/095018:ERROR:child_discardable_shared_memory_manager.cc(266)] size: 4194304
[0213/095025:ERROR:child_discardable_shared_memory_manager.cc(266)] size: 4194304
[0213/095040:WARNING:raw_channel_win.cc(473)] WriteFile: 管道正在被关闭。 (0xE8)
[0213/095040:WARNING:channel.cc(549)] Failed to send message to remove remote endpoint (local ID 1, remote ID 1)
[0213/095040:WARNING:channel.cc(549)] Failed to send message to remove remote endpoint (local ID 2, remote ID 2147483648)
[0213/095044:ERROR:renderer_main.cc(203)] Running without renderer sandbox
[0213/095044:ERROR:child_discardable_shared_memory_manager.cc(266)] size: 4194304
[0213/095045:INFO:CONSOLE(206)] "Uncaught TypeError: Cannot read property 'permission' of undefined", source: http://mat1.gtimg.com/www/chrometips/notification2017_v0118.js (206)
[0213/095045:INFO:CONSOLE(3)] "Uncaught TypeError: Cannot read property 'ajax' of undefined", source: http://mat1.gtimg.com/pingjs/ext2020/dc2017/dist/m_tips/tips.js (3)
[0213/095047:INFO:CONSOLE(112)] "Uncaught RangeError: Maximum call stack size exceeded", source:  (112)
[0213/095049:ERROR:child_discardable_shared_memory_manager.cc(266)] size: 4194304
[0213/095049:ERROR:child_discardable_shared_memory_manager.cc(266)] size: 4194304
[0213/095052:INFO:CONSOLE(206)] "Uncaught TypeError: Cannot read property 'permission' of undefined", source: http://mat1.gtimg.com/www/chrometips/notification2017_v0118.js (206)
[0213/095054:INFO:CONSOLE(112)] "Uncaught RangeError: Maximum call stack size exceeded", source:  (112)
[0213/095056:ERROR:child_discardable_shared_memory_manager.cc(266)] size: 4194304
[0213/095056:ERROR:child_discardable_shared_memory_manager.cc(266)] size: 4194304
[0213/095056:ERROR:child_discardable_shared_memory_manager.cc(266)] size: 4194304
[0213/095056:ERROR:child_discardable_shared_memory_manager.cc(266)] size: 4194304
[0213/095056:ERROR:child_discardable_shared_memory_manager.cc(266)] size: 4194304
[0213/095057:ERROR:child_discardable_shared_memory_manager.cc(266)] size: 4194304
[0213/095115:ERROR:child_discardable_shared_memory_manager.cc(266)] size: 4194304
[0213/095139:ERROR:child_discardable_shared_memory_manager.cc(266)] size: 4194304
[0213/095139:ERROR:child_discardable_shared_memory_manager.cc(266)] size: 4194304
[0213/095139:ERROR:child_discardable_shared_memory_manager.cc(266)] size: 4194304
[0213/095140:ERROR:child_discardable_shared_memory_manager.cc(266)] size: 4194304
